i	n-2	n-1	n
3	1	3	9
4	3	9	12
5	9	12	6.6666666666667
6	12	6.6666666666667	3.3333333333333
7	6.6666666666667	3.3333333333333	3.5
8	3.3333333333333	3.5	8.4
9	3.5	8.4	21.6
10	8.4	21.6	25.714285714286
11	21.6	25.714285714286	13.095238095238
12	25.714285714286	13.095238095238	6.1111111111111
13	13.095238095238	6.1111111111111	6.0666666666667
14	6.1111111111111	6.0666666666667	13.898181818182
15	6.0666666666667	13.898181818182	34.363636363636
16	13.898181818182	34.363636363636	39.56043956044
17	34.363636363636	39.56043956044	19.570905285191
18	39.56043956044	19.570905285191	8.9047619047619
19	19.570905285191	8.9047619047619	8.645
20	8.9047619047619	8.645	19.416577540107
21	8.645	19.416577540107	47.16577540107
22	19.416577540107	47.16577540107	53.441295546559
23	47.16577540107	53.441295546559	26.060205458702
24	53.441295546559	26.060205458702	11.703401360544
25	26.060205458702	11.703401360544	11.227272727273
26	11.703401360544	11.227272727273	24.942243875631
27	11.227272727273	24.942243875631	59.982562194838
28	24.942243875631	59.982562194838	67.336032388664
29	59.982562194838	67.336032388664	32.555210511486
30	67.336032388664	32.555210511486	14.504215361358
31	32.555210511486	14.504215361358	13.811327561328
32	14.504215361358	13.811327561328	30.471312715057
33	13.811327561328	30.471312715057	72.806420319252
34	30.471312715057	72.806420319252	81.237664881807
35	72.806420319252	81.237664881807	39.05312551277
36	81.237664881807	39.05312551277	17.306166056166
37	39.05312551277	17.306166056166	16.396335393662
38	17.306166056166	16.396335393662	36.002240065017
39	16.396335393662	36.002240065017	85.634218185025
40	36.002240065017	85.634218185025	95.143211122838
41	85.634218185025	95.143211122838	45.552721081752
42	95.143211122838	45.552721081752	20.10878404097
43	45.552721081752	20.10878404097	18.981911359585
44	20.10878404097	18.981911359585	41.534291587203
45	18.981911359585	41.534291587203	98.464432059437
46	41.534291587203	98.464432059437	109.0511888285
47	98.464432059437	109.0511888285	52.053373667414
48	109.0511888285	52.053373667414	22.911826664863
49	52.053373667414	22.911826664863	21.567852907123
50	22.911826664863	21.567852907123	47.067074185313
51	21.567852907123	47.067074185313	111.29623304591
52	47.067074185313	111.29623304591	122.9607792403
53	111.29623304591	122.9607792403	58.554733807099
54	122.9607792403	58.554733807099	25.715156045035
55	58.554733807099	25.715156045035	24.154043414086
56	25.715156045035	24.154043414086	52.600358668637
57	24.154043414086	52.600358668637	124.12913203443
58	52.600358668637	124.12913203443	136.8714936594
59	124.12913203443	136.8714936594	65.056590612953
60	136.8714936594	65.056590612953	28.518688095057
61	65.056590612953	28.518688095057	26.740411039187
62	28.518688095057	26.740411039187	58.134002479481
63	26.740411039187	58.134002479481	136.96282195663
64	58.134002479481	136.96282195663	150.78302252315
65	136.96282195663	150.78302252315	71.558809346876
66	150.78302252315	71.558809346876	31.322368645109
67	71.558809346876	31.322368645109	29.326909130775
68	31.322368645109	29.326909130775	63.667912330894
69	29.326909130775	63.667912330894	149.79710037774
70	63.667912330894	149.79710037774	164.69516028648
71	149.79710037774	164.69516028648	78.06129992405
72	164.69516028648	78.06129992405	34.126161234824
73	78.06129992405	34.126161234824	31.913506085167
74	34.126161234824	31.913506085167	69.202024630078
75	31.913506085167	69.202024630078	162.63182846175
76	69.202024630078	162.63182846175	178.60776515086
77	162.63182846175	178.60776515086	84.563999843676
78	178.60776515086	84.563999843676	36.930040428172
79	84.563999843676	36.930040428172	34.50017973628
80	36.930040428172	34.50017973628	74.736294542394
81	34.50017973628	74.736294542394	175.46690783086
82	74.736294542394	175.46690783086	192.52073614606
83	175.46690783086	192.52073614606	91.066864388617
84	192.52073614606	91.066864388617	39.733987942163
85	91.066864388617	39.733987942163	37.086914079651
86	39.733987942163	37.086914079651	80.270689554056
87	37.086914079651	80.270689554056	188.30226683742
88	80.270689554056	188.30226683742	206.43399943056
89	188.30226683742	206.43399943056	97.569860723892
90	206.43399943056	97.569860723892	42.537990298948
91	97.569860723892	42.537990298948	39.673697271727
92	42.537990298948	39.673697271727	85.805185514116
93	39.673697271727	85.805185514116	201.13785206754
94	85.805185514116	201.13785206754	220.34749975848
95	201.13785206754	220.34749975848	104.07296419784
96	220.34749975848	104.07296419784	45.342037345302
97	104.07296419784	45.342037345302	42.260520360824
98	45.342037345302	42.260520360824	91.339764109427
99	42.260520360824	91.339764109427	213.97362289027
100	91.339764109427	213.97362289027	234.26119497519
101	213.97362289027	234.26119497519	110.57615594343
102	234.26119497519	110.57615594343	48.146121287497
103	110.57615594343	48.146121287497	44.847376455638
104	48.146121287497	44.847376455638	96.874411201998
105	44.847376455638	96.874411201998	226.80954785107
106	96.874411201998	226.80954785107	248.17505235807
107	226.80954785107	248.17505235807	117.07942127617
108	248.17505235807	117.07942127617	50.950236043802
109	117.07942127617	50.950236043802	47.434260164939
110	50.950236043802	47.434260164939	102.40911570375
111	47.434260164939	102.40911570375	239.64560222063
112	102.40911570375	239.64560222063	262.08904611923
113	239.64560222063	262.08904611923	123.58274859643
114	262.08904611923	123.58274859643	53.754376799038
115	123.58274859643	53.754376799038	50.021167210613
116	53.754376799038	50.021167210613	107.94386879646
117	50.021167210613	107.94386879646	252.48176628927
118	107.94386879646	252.48176628927	276.00315566148
119	252.48176628927	276.00315566148	130.08612862002
120	276.00315566148	130.08612862002	56.558539691296
121	130.08612862002	56.558539691296	52.608094154578
122	56.558539691296	52.608094154578	113.47866337939
123	52.608094154578	113.47866337939	265.31802415523
124	113.47866337939	265.31802415523	289.91736433533
125	265.31802415523	289.91736433533	136.5895538281
126	289.91736433533	136.5895538281	59.362721587226
127	136.5895538281	59.362721587226	55.195038202305
128	59.362721587226	55.195038202305	119.01349367067
129	55.195038202305	119.01349367067	278.1543628477
130	119.01349367067	278.1543628477	303.83165853665
131	278.1543628477	303.83165853665	143.09301806671
132	303.83165853665	143.09301806671	62.166919918018
133	143.09301806671	62.166919918018	57.781997059014
134	62.166919918018	57.781997059014	124.54835491478
135	57.781997059014	124.54835491478	290.9907716814
136	124.54835491478	290.9907716814	317.74602704106
137	290.9907716814	317.74602704106	149.59651625065
138	317.74602704106	149.59651625065	64.971132557769
139	149.59651625065	64.971132557769	60.368968822767
140	64.971132557769	60.368968822767	130.08324316453
141	60.368968822767	130.08324316453	303.82724177462
142	130.08324316453	303.82724177462	331.66046050548
143	303.82724177462	331.66046050548	156.10004414109
144	331.66046050548	156.10004414109	67.775357731995
145	156.10004414109	67.775357731995	62.955951903875
146	67.775357731995	62.955951903875	135.61815511638
147	62.955951903875	135.61815511638	316.66376568409
148	135.61815511638	316.66376568409	345.5749510899
149	316.66376568409	345.5749510899	162.60359817663
150	345.5749510899	162.60359817663	70.579593947912
151	162.60359817663	70.579593947912	65.542944963356
152	70.579593947912	65.542944963356	141.15308798436
153	65.542944963356	141.15308798436	329.50033712525
154	141.15308798436	329.50033712525	359.4894921669
155	329.50033712525	359.4894921669	169.10717534316
156	359.4894921669	169.10717534316	73.383839940683
157	169.10717534316	73.383839940683	68.129946865398
158	73.383839940683	68.129946865398	146.6880394026
159	68.129946865398	146.6880394026	342.33695075519
160	146.6880394026	342.33695075519	373.40407809595
161	342.33695075519	373.40407809595	175.61077307264
162	373.40407809595	175.61077307264	76.188094631514
163	175.61077307264	76.188094631514	70.71695664024
164	76.188094631514	70.71695664024	152.223007349
165	70.71695664024	152.223007349	355.17360200274
166	152.223007349	355.17360200274	387.31870404636
167	355.17360200274	387.31870404636	182.11438916354
168	387.31870404636	182.11438916354	78.992357094669
169	182.11438916354	78.992357094669	73.303973454899
170	78.992357094669	73.303973454899	157.75799008502
171	73.303973454899	157.75799008502	368.01028693397
172	157.75799008502	368.01028693397	401.23336585698
173	368.01028693397	401.23336585698	188.61802171772
174	401.23336585698	188.61802171772	81.79662653126
175	188.61802171772	81.79662653126	75.890996589884
176	81.79662653126	75.890996589884	163.29298610763
177	75.890996589884	163.29298610763	380.84700214494
178	163.29298610763	380.84700214494	415.14805992414
179	380.84700214494	415.14805992414	195.12166908994
180	415.14805992414	195.12166908994	84.600902248241
181	195.12166908994	84.600902248241	78.478025420505
182	84.600902248241	78.478025420505	168.82799411077
183	78.478025420505	168.82799411077	393.68374467534
184	168.82799411077	393.68374467534	429.06278311128
185	393.68374467534	429.06278311128	201.62532984705
186	429.06278311128	201.62532984705	87.405183641445
187	201.62532984705	87.405183641445	81.065059401758
188	87.405183641445	81.065059401758	174.36301295412
189	81.065059401758	174.36301295412	406.52051193851
190	174.36301295412	406.52051193851	442.9775326757
191	406.52051193851	442.9775326757	208.12900273494
192	442.9775326757	208.12900273494	90.209470181782
193	208.12900273494	90.209470181782	83.652098056017
194	90.209470181782	83.652098056017	179.89804163759
195	83.652098056017	179.89804163759	419.35730166432
196	179.89804163759	419.35730166432	456.89230620858
197	419.35730166432	456.89230620858	214.63268665139
198	456.89230620858	214.63268665139	93.013761403928
199	214.63268665139	93.013761403928	86.23914096293
200	93.013761403928	86.23914096293	185.43307928043
201	86.23914096293	185.43307928043	432.19411185217
202	185.43307928043	432.19411185217	470.80710158573
203	432.19411185217	470.80710158573	221.13638062379
204	470.80710158573	221.13638062379	95.818056897001
205	221.13638062379	95.818056897001	88.826187751089
206	95.818056897001	88.826187751089	190.96812510395
207	88.826187751089	190.96812510395	445.03094073216
208	190.96812510395	445.03094073216	484.72191692671
209	445.03094073216	484.72191692671	227.64008379061
210	484.72191692671	227.64008379061	98.622356296829
211	227.64008379061	98.622356296829	91.413238091108
212	98.622356296829	91.413238091108	196.50317841714
213	91.413238091108	196.50317841714	457.86778673277
214	196.50317841714	457.86778673277	498.6367505609
215	457.86778673277	498.6367505609	234.14379538599
216	498.6367505609	234.14379538599	101.42665927949
217	234.14379538599	101.42665927949	94.000291689843
218	101.42665927949	94.000291689843	202.03823860468
219	94.000291689843	202.03823860468	470.70464845383
220	202.03823860468	470.70464845383	512.55160099898
221	470.70464845383	512.55160099898	240.64751472682
222	512.55160099898	240.64751472682	104.23096555591
223	240.64751472682	104.23096555591	96.587348285541
224	104.23096555591	96.587348285541	207.57330511685
225	96.587348285541	207.57330511685	483.54152464378
226	207.57330511685	483.54152464378	526.46646690902
227	483.54152464378	526.46646690902	247.15124120186
228	526.46646690902	247.15124120186	107.0352748673
229	247.15124120186	107.0352748673	99.17440764375
230	107.0352748673	99.17440764375	213.108377461
231	99.17440764375	213.108377461	496.37841418046
232	213.108377461	496.37841418046	540.38134709623
233	496.37841418046	540.38134709623	253.65497426253
234	540.38134709623	253.65497426253	109.83958698127
235	253.65497426253	109.83958698127	101.76146955385
236	109.83958698127	101.76146955385	218.64345519438
237	101.76146955385	218.64345519438	509.21531605484
238	218.64345519438	509.21531605484	554.29624048572
239	509.21531605484	554.29624048572	260.1587134151
240	554.29624048572	260.1587134151	112.64390168858
241	260.1587134151	112.64390168858	104.34853382609
242	112.64390168858	104.34853382609	224.17853791791
243	104.34853382609	224.17853791791	522.05222935705
244	224.17853791791	522.05222935705	568.21114610787
245	522.05222935705	568.21114610787	266.66245821396
246	568.21114610787	266.66245821396	115.4482188003
247	266.66245821396	115.4482188003	106.93560028909
248	115.4482188003	106.93560028909	229.71362527098
249	106.93560028909	229.71362527098	534.88915326459
250	229.71362527098	534.88915326459	582.12606308573
251	534.88915326459	582.12606308573	273.16620825594
252	582.12606308573	273.16620825594	118.25253814543
253	273.16620825594	118.25253814543	109.52266878765
254	118.25253814543	109.52266878765	235.24871692691
255	109.52266878765	235.24871692691	547.72608703199
256	235.24871692691	547.72608703199	596.0409906242
257	547.72608703199	596.0409906242	279.66996317536
258	596.0409906242	279.66996317536	121.0568595688
259	279.66996317536	121.0568595688	112.10973918089
260	121.0568595688	112.10973918089	240.78381258904
261	112.10973918089	240.78381258904	560.56302998207
262	240.78381258904	560.56302998207	609.95592800072
263	560.56302998207	609.95592800072	286.17372263976
264	609.95592800072	286.17372263976	123.86118292928
265	286.17372263976	123.86118292928	114.69681134063
266	123.86118292928	114.69681134063	246.31891198737
267	114.69681134063	246.31891198737	573.39998149825
268	246.31891198737	573.39998149825	623.87087455717
269	573.39998149825	623.87087455717	292.67748634622
270	623.87087455717	292.67748634622	126.66550809825
271	292.67748634622	126.66550809825	117.28388515001
272	126.66550809825	117.28388515001	251.85401487562
273	117.28388515001	251.85401487562	586.23694101795
274	251.85401487562	586.23694101795	637.78582969284
275	586.23694101795	637.78582969284	299.18125401818
276	637.78582969284	299.18125401818	129.46983495821
277	299.18125401818	129.46983495821	119.87096050224
278	129.46983495821	119.87096050224	257.38912102869
279	119.87096050224	257.38912102869	599.0739080268
280	257.38912102869	599.0739080268	651.70079285833
281	599.0739080268	651.70079285833	305.68502540257
282	651.70079285833	305.68502540257	132.27416340165
283	305.68502540257	132.27416340165	122.45803729956
284	132.27416340165	122.45803729956	262.92423024044
285	122.45803729956	262.92423024044	611.91088205358
286	262.92423024044	611.91088205358	665.61576355014
287	611.91088205358	665.61576355014	312.18880026743
288	665.61576355014	312.18880026743	135.07849332995
289	312.18880026743	135.07849332995	125.0451154523
290	135.07849332995	125.0451154523	268.45934232172
291	125.0451154523	268.45934232172	624.74786266576
292	268.45934232172	624.74786266576	679.53074130602
293	624.74786266576	679.53074130602	318.69257839971
294	679.53074130602	318.69257839971	137.88282465255
295	318.69257839971	137.88282465255	127.63219487806
296	137.88282465255	127.63219487806	273.99445709865
297	127.63219487806	273.99445709865	637.58484946568
298	273.99445709865	637.58484946568	693.4457257008
299	637.58484946568	693.4457257008	325.19635960343
300	693.4457257008	325.19635960343	140.68715728608
301	325.19635960343	140.68715728608	130.21927550097
302	140.68715728608	130.21927550097	279.52957441115
303	130.21927550097	279.52957441115	650.42184208703
304	279.52957441115	650.42184208703	707.36071634277
305	650.42184208703	707.36071634277	331.70014369794
306	707.36071634277	331.70014369794	143.49149115369
307	331.70014369794	143.49149115369	132.80635725108
308	143.49149115369	132.80635725108	285.06469411152
309	132.80635725108	285.06469411152	663.25884019186
310	285.06469411152	663.25884019186	721.27571287043
311	663.25884019186	721.27571287043	338.2039305165
312	721.27571287043	338.2039305165	146.29582618444
313	338.2039305165	146.29582618444	135.3934400638
314	146.29582618444	135.3934400638	290.59981606336
315	135.3934400638	290.59981606336	676.0958434679
316	290.59981606336	676.0958434679	735.19071494964
317	676.0958434679	735.19071494964	344.70771990495
318	735.19071494964	344.70771990495	149.10016231269
319	344.70771990495	149.10016231269	137.98052387937
320	149.10016231269	137.98052387937	296.13494014044
321	137.98052387937	296.13494014044	688.93285162612
322	296.13494014044	688.93285162612	749.1057222711
323	688.93285162612	749.1057222711	351.21151172056
324	749.1057222711	351.21151172056	151.90449947768
325	351.21151172056	151.90449947768	140.56760864242
326	151.90449947768	140.56760864242	301.67006622579
327	140.56760864242	301.67006622579	701.76986439865
328	301.67006622579	701.76986439865	763.02073454805
329	701.76986439865	763.02073454805	357.71530583095
330	763.02073454805	357.71530583095	154.70883762305
331	357.71530583095	154.70883762305	143.15469430159
332	154.70883762305	143.15469430159	307.20519421088
333	143.15469430159	307.20519421088	714.60688153686
334	307.20519421088	714.60688153686	776.93575151426
335	714.60688153686	776.93575151426	364.21910211321
336	776.93575151426	364.21910211321	157.51317669643
337	364.21910211321	157.51317669643	145.74178080917
338	157.51317669643	145.74178080917	312.74032399485
339	145.74178080917	312.74032399485	727.44390280967
340	312.74032399485	727.44390280967	790.85077292226
341	727.44390280967	790.85077292226	370.72290045305
342	790.85077292226	370.72290045305	160.31751664913
343	370.72290045305	160.31751664913	148.32886812078
344	160.31751664913	148.32886812078	318.27545548388
345	148.32886812078	318.27545548388	740.28092800203
346	318.27545548388	740.28092800203	804.76579854168
347	740.28092800203	804.76579854168	377.22670074407
348	804.76579854168	377.22670074407	163.12185743582
349	377.22670074407	163.12185743582	150.91595619506
350	163.12185743582	150.91595619506	323.81058859053
351	150.91595619506	323.81058859053	753.11795691352
352	323.81058859053	753.11795691352	818.68082815781
353	753.11795691352	818.68082815781	383.73050288707
354	818.68082815781	383.73050288707	165.9261990142
355	383.73050288707	165.9261990142	153.50304499347
356	165.9261990142	153.50304499347	329.34572323325
357	153.50304499347	329.34572323325	765.95498935719
358	329.34572323325	765.95498935719	832.59586157028
359	765.95498935719	832.59586157028	390.23430678946
360	832.59586157028	390.23430678946	168.73054134481
361	390.23430678946	168.73054134481	156.09013448
362	168.73054134481	156.09013448	334.88085933589
363	156.09013448	334.88085933589	778.79202515839
364	334.88085933589	778.79202515839	846.5108985919
365	778.79202515839	846.5108985919	396.73811236473
366	846.5108985919	396.73811236473	171.53488439077
367	396.73811236473	171.53488439077	158.67722462101
368	171.53488439077	158.67722462101	340.41599682725
369	158.67722462101	340.41599682725	791.62906415382
370	340.41599682725	791.62906415382	860.42593904761
371	791.62906415382	860.42593904761	403.24191953195
372	860.42593904761	403.24191953195	174.33922811756
373	403.24191953195	174.33922811756	161.26431538499
374	174.33922811756	161.26431538499	345.95113564067
375	161.26431538499	345.95113564067	804.46610619057
376	345.95113564067	804.46610619057	874.34098277345
377	804.46610619057	874.34098277345	409.74572821531
378	874.34098277345	409.74572821531	177.14357249284
379	409.74572821531	177.14357249284	163.85140674244
380	177.14357249284	163.85140674244	351.48627571371
381	163.85140674244	351.48627571371	817.30315112536
382	351.48627571371	817.30315112536	888.25602961576
383	817.30315112536	888.25602961576	416.24953834377
384	888.25602961576	416.24953834377	179.9479174863
385	416.24953834377	179.9479174863	166.4384986657
386	179.9479174863	166.4384986657	357.02141698778
387	166.4384986657	357.02141698778	830.14019882376
388	357.02141698778	830.14019882376	902.17107943036
389	830.14019882376	902.17107943036	422.75334985062
390	902.17107943036	422.75334985062	182.75226306949
391	422.75334985062	182.75226306949	169.02559112877
392	182.75226306949	169.02559112877	362.55655940788
393	169.02559112877	362.55655940788	842.97724915954
394	362.55655940788	842.97724915954	916.08613208181
395	842.97724915954	916.08613208181	429.25716267324
396	916.08613208181	429.25716267324	185.55660921567
397	429.25716267324	185.55660921567	171.61268410726
398	185.55660921567	171.61268410726	368.09170292233
399	171.61268410726	368.09170292233	855.81430201402
400	368.09170292233	855.81430201402	930.0011874428
401	855.81430201402	930.0011874428	435.7609767527
402	930.0011874428	435.7609767527	188.36095589971
403	435.7609767527	188.36095589971	174.1997775782
404	188.36095589971	174.1997775782	373.62684748248
405	174.1997775782	373.62684748248	868.65135727556
406	373.62684748248	868.65135727556	943.9162453935
407	868.65135727556	943.9162453935	442.26479203357
408	943.9162453935	442.26479203357	191.16530309792
409	442.26479203357	191.16530309792	176.78687151998
410	191.16530309792	176.78687151998	379.16199304255
411	176.78687151998	379.16199304255	881.48841483899
412	379.16199304255	881.48841483899	957.83130582106
413	881.48841483899	957.83130582106	448.76860846362
414	957.83130582106	448.76860846362	193.96965078801
415	448.76860846362	193.96965078801	179.37396591222
416	193.96965078801	179.37396591222	384.69713955938
417	179.37396591222	384.69713955938	894.32547460522
418	384.69713955938	894.32547460522	971.74636861909
419	894.32547460522	971.74636861909	455.2724259936
420	971.74636861909	455.2724259936	196.77399894896
421	455.2724259936	196.77399894896	181.96106073571
422	196.77399894896	181.96106073571	390.23228699226
423	181.96106073571	390.23228699226	907.16253648073
424	390.23228699226	907.16253648073	985.6614336872
425	907.16253648073	985.6614336872	461.77624457705
426	985.6614336872	461.77624457705	199.57834756092
427	461.77624457705	199.57834756092	184.54815597231
428	199.57834756092	184.54815597231	395.76743530276
429	184.54815597231	395.76743530276	919.99960037725
430	395.76743530276	919.99960037725	999.5765009306
431	919.99960037725	999.5765009306	468.28006417006
432	999.5765009306	468.28006417006	202.38269660514
433	468.28006417006	202.38269660514	187.13525160491
434	202.38269660514	187.13525160491	401.30258445457
435	187.13525160491	401.30258445457	932.83666621133
436	401.30258445457	932.83666621133	1013.4915702597
437	932.83666621133	1013.4915702597	474.78388473117
438	1013.4915702597	474.78388473117	205.1870460639
439	474.78388473117	205.1870460639	189.72234761729
440	205.1870460639	189.72234761729	406.83773441336
441	189.72234761729	406.83773441336	945.67373390409
442	406.83773441336	945.67373390409	1027.4066415898
443	945.67373390409	1027.4066415898	481.28770622112
444	1027.4066415898	481.28770622112	207.99139592043
445	481.28770622112	207.99139592043	192.30944399413
446	207.99139592043	192.30944399413	412.37288514662
447	192.30944399413	412.37288514662	958.51080338086
448	412.37288514662	958.51080338086	1041.3217148406
449	958.51080338086	1041.3217148406	487.79152860276
450	1041.3217148406	487.79152860276	210.79574615886
451	487.79152860276	210.79574615886	194.89654072092
452	210.79574615886	194.89654072092	417.90803662359
453	194.89654072092	417.90803662359	971.3478745709
454	417.90803662359	971.3478745709	1055.2367899361
455	971.3478745709	1055.2367899361	494.29535184091
456	1055.2367899361	494.29535184091	213.60009676415
457	494.29535184091	213.60009676415	197.48363778391
458	213.60009676415	197.48363778391	423.44318881511
459	197.48363778391	423.44318881511	984.18494740719
460	423.44318881511	984.18494740719	1069.1518668045
461	984.18494740719	1069.1518668045	500.79917590218
462	1069.1518668045	500.79917590218	216.40444772204
463	500.79917590218	216.40444772204	200.07073517005
464	216.40444772204	200.07073517005	428.97834169352
465	200.07073517005	428.97834169352	997.02202182615
466	428.97834169352	997.02202182615	1083.0669453772
467	997.02202182615	1083.0669453772	507.30300075494
468	1083.0669453772	507.30300075494	219.208799019
469	507.30300075494	219.208799019	202.65783286697
470	219.208799019	202.65783286697	434.51349523257
471	202.65783286697	434.51349523257	1009.8590977674
472	434.51349523257	1009.8590977674	1096.9820255895
473	1009.8590977674	1096.9820255895	513.80682636912
474	1096.9820255895	513.80682636912	222.01315064217
475	513.80682636912	222.01315064217	205.24493086293
476	222.01315064217	205.24493086293	440.04864940734
477	205.24493086293	440.04864940734	1022.6961751737
478	440.04864940734	1022.6961751737	1110.8971073798
479	1022.6961751737	1110.8971073798	520.31065271617
480	1110.8971073798	520.31065271617	224.81750257935
481	520.31065271617	224.81750257935	207.83202914674
482	224.81750257935	207.83202914674	445.58380419413
483	207.83202914674	445.58380419413	1035.5332539904
484	445.58380419413	1035.5332539904	1124.8121906895
485	1035.5332539904	1124.8121906895	526.81447976895
486	1124.8121906895	526.81447976895	227.62185481895
487	526.81447976895	227.62185481895	210.41912770781
488	227.62185481895	210.41912770781	451.11895957041
489	210.41912770781	451.11895957041	1048.3703341659
490	451.11895957041	1048.3703341659	1138.7272754629
491	1048.3703341659	1138.7272754629	533.31830750165
492	1138.7272754629	533.31830750165	230.4262073499
493	533.31830750165	230.4262073499	213.00622653602
494	230.4262073499	213.00622653602	456.65411551477
495	213.00622653602	456.65411551477	1061.2074156508
496	456.65411551477	1061.2074156508	1152.642361647
497	1061.2074156508	1152.642361647	539.82213588969
498	1152.642361647	539.82213588969	233.23056016172
499	539.82213588969	233.23056016172	215.59332562176
500	233.23056016172	215.59332562176	462.18927200678
501	215.59332562176	462.18927200678	1074.0444983981
502	462.18927200678	1074.0444983981	1166.5574491914
503	1074.0444983981	1166.5574491914	546.32596490967
504	1166.5574491914	546.32596490967	236.03491324438
505	546.32596490967	236.03491324438	218.18042495586
506	236.03491324438	218.18042495586	467.724429027
507	218.18042495586	467.724429027	1086.8815823631
508	467.724429027	1086.8815823631	1180.4725380478
509	1086.8815823631	1180.4725380478	552.82979453928
510	1180.4725380478	552.82979453928	238.83926658835
511	552.82979453928	238.83926658835	220.76752452961
512	238.83926658835	220.76752452961	473.2595865569
513	220.76752452961	473.2595865569	1099.7186675033
514	473.2595865569	1099.7186675033	1194.3876281705
515	1099.7186675033	1194.3876281705	559.33362475727
516	1194.3876281705	559.33362475727	241.64362018453
517	559.33362475727	241.64362018453	223.35462433466
518	241.64362018453	223.35462433466	478.79474457882
519	223.35462433466	478.79474457882	1112.5557537778
520	478.79474457882	1112.5557537778	1208.3027195158
521	1112.5557537778	1208.3027195158	565.83745554334
522	1208.3027195158	565.83745554334	244.44797402425
523	565.83745554334	244.44797402425	225.94172436308
524	244.44797402425	225.94172436308	484.32990307587
525	225.94172436308	484.32990307587	1125.3928411479
526	484.32990307587	1125.3928411479	1222.2178120418
527	1125.3928411479	1222.2178120418	572.34128687813
528	1222.2178120418	572.34128687813	247.2523280992
529	572.34128687813	247.2523280992	228.52882460728
530	247.2523280992	228.52882460728	489.86506203195
531	228.52882460728	489.86506203195	1138.2299295766
532	489.86506203195	1138.2299295766	1236.1329057087
533	1138.2299295766	1236.1329057087	578.84511874314
534	1236.1329057087	578.84511874314	250.05668240149
535	578.84511874314	250.05668240149	231.11592506002
536	250.05668240149	231.11592506002	495.40022143168
537	231.11592506002	495.40022143168	1151.0670190283
538	495.40022143168	1151.0670190283	1250.0480004784
539	1151.0670190283	1250.0480004784	585.3489511207
540	1250.0480004784	585.3489511207	252.86103692354
541	585.3489511207	252.86103692354	233.70302571436
542	252.86103692354	233.70302571436	500.93538126036
543	233.70302571436	500.93538126036	1163.9041094694
544	500.93538126036	1163.9041094694	1263.9630963145
545	1163.9041094694	1263.9630963145	591.85278399392
546	1263.9630963145	591.85278399392	255.66539165813
547	591.85278399392	255.66539165813	236.2901265637
548	255.66539165813	236.2901265637	506.47054150391
549	236.2901265637	506.47054150391	1176.7412008673
550	506.47054150391	1176.7412008673	1277.8781931822
551	1176.7412008673	1277.8781931822	598.35661734664
552	1277.8781931822	598.35661734664	258.46974659834
553	598.35661734664	258.46974659834	238.87722760168
554	258.46974659834	238.87722760168	512.00570214889
555	238.87722760168	512.00570214889	1189.5782931911
556	512.00570214889	1189.5782931911	1291.793291048
557	1189.5782931911	1291.793291048	604.86045116338
558	1291.793291048	604.86045116338	261.27410173755
559	604.86045116338	261.27410173755	241.46432882225
560	261.27410173755	241.46432882225	517.54086318242
561	241.46432882225	517.54086318242	1202.4153864112
562	517.54086318242	1202.4153864112	1305.7083898802
563	1202.4153864112	1305.7083898802	611.36428542934
564	1305.7083898802	611.36428542934	264.07845706942
565	611.36428542934	264.07845706942	244.05143021961
566	264.07845706942	244.05143021961	523.07602459215
567	244.05143021961	523.07602459215	1215.2524804992
568	523.07602459215	1215.2524804992	1319.623489648
569	1215.2524804992	1319.623489648	617.86812013033
570	1319.623489648	617.86812013033	266.88281258787
571	617.86812013033	266.88281258787	246.63853178819
572	266.88281258787	246.63853178819	528.61118636628
573	246.63853178819	528.61118636628	1228.0895754278
574	528.61118636628	1228.0895754278	1333.5385903224
575	1228.0895754278	1333.5385903224	624.37195525276
576	1333.5385903224	624.37195525276	269.68716828709
577	624.37195525276	269.68716828709	249.22563352265
578	269.68716828709	249.22563352265	534.14634849348
579	249.22563352265	534.14634849348	1240.9266711709
580	534.14634849348	1240.9266711709	1347.4536918751
581	1240.9266711709	1347.4536918751	630.8757907836
582	1347.4536918751	630.8757907836	272.49152416149
583	630.8757907836	272.49152416149	251.8127354179
584	272.49152416149	251.8127354179	539.68151096289
585	251.8127354179	539.68151096289	1253.7637677036
586	539.68151096289	1253.7637677036	1361.3687942792
587	1253.7637677036	1361.3687942792	637.37962671035
588	1361.3687942792	637.37962671035	275.29588020572
589	637.37962671035	275.29588020572	254.39983746901
590	275.29588020572	254.39983746901	545.21667376407
591	254.39983746901	545.21667376407	1266.6008650018
592	545.21667376407	1266.6008650018	1375.2838975089
593	1266.6008650018	1375.2838975089	643.883463021
594	1375.2838975089	643.883463021	278.10023641465
595	643.883463021	278.10023641465	256.98693967128
596	278.10023641465	256.98693967128	550.75183688703
597	256.98693967128	550.75183688703	1279.4379630425
598	550.75183688703	1279.4379630425	1389.1990015393
599	1279.4379630425	1389.1990015393	650.38729970404
600	1389.1990015393	650.38729970404	280.90459278334
