i	n-2	n-1	n
3	1.0	3.0	9.0
4	3.0	9.0	12.0
5	9.0	12.0	6.666666666666667
6	12.0	6.666666666666667	3.3333333333333335
7	6.666666666666667	3.3333333333333335	3.5
8	3.3333333333333335	3.5	8.4
9	3.5	8.4	21.6
10	8.4	21.6	25.71428571428571
11	21.6	25.71428571428571	13.095238095238093
12	25.71428571428571	13.095238095238093	6.111111111111111
13	13.095238095238093	6.111111111111111	6.066666666666667
14	6.111111111111111	6.066666666666667	13.89818181818182
15	6.066666666666667	13.89818181818182	34.36363636363637
16	13.89818181818182	34.36363636363637	39.560439560439555
17	34.36363636363637	39.560439560439555	19.570905285190996
18	39.560439560439555	19.570905285190996	8.904761904761905
19	19.570905285190996	8.904761904761905	8.645000000000003
20	8.904761904761905	8.645000000000003	19.416577540106957
21	8.645000000000003	19.416577540106957	47.16577540106952
22	19.416577540106957	47.16577540106952	53.441295546558685
23	47.16577540106952	53.441295546558685	26.06020545870169
24	53.441295546558685	26.06020545870169	11.70340136054422
25	26.06020545870169	11.70340136054422	11.227272727272732
26	11.70340136054422	11.227272727272732	24.94224387563147
27	11.227272727272732	24.94224387563147	59.98256219483841
28	24.94224387563147	59.98256219483841	67.33603238866394
29	59.98256219483841	67.33603238866394	32.555210511485804
30	67.33603238866394	32.555210511485804	14.504215361358218
31	32.555210511485804	14.504215361358218	13.811327561327566
32	14.504215361358218	13.811327561327566	30.471312715057163
33	13.811327561327566	30.471312715057163	72.80642031925214
34	30.471312715057163	72.80642031925214	81.23766488180746
35	72.80642031925214	81.23766488180746	39.053125512770265
36	81.23766488180746	39.053125512770265	17.306166056166056
37	39.053125512770265	17.306166056166056	16.396335393661605
38	17.306166056166056	16.396335393661605	36.00224006501712
39	16.396335393661605	36.00224006501712	85.63421818502512
40	36.00224006501712	85.63421818502512	95.14321112283756
41	85.63421818502512	95.14321112283756	45.55272108175195
42	95.14321112283756	45.55272108175195	20.108784040970278
43	45.55272108175195	20.108784040970278	18.981911359585165
44	20.108784040970278	18.981911359585165	41.534291587202674
45	18.981911359585165	41.534291587202674	98.46443205943655
46	41.534291587202674	98.46443205943655	109.05118882850152
47	98.46443205943655	109.05118882850152	52.05337366741423
48	109.05118882850152	52.05337366741423	22.911826664863106
49	52.05337366741423	22.911826664863106	21.567852907122855
50	22.911826664863106	21.567852907122855	47.06707418531293
51	21.567852907122855	47.06707418531293	111.2962330459057
52	47.06707418531293	111.2962330459057	122.9607792403002
53	111.2962330459057	122.9607792403002	58.55473380709943
54	122.9607792403002	58.55473380709943	25.71515604503459
55	58.55473380709943	25.71515604503459	24.154043414085546
56	25.71515604503459	24.154043414085546	52.600358668637085
57	24.154043414085546	52.600358668637085	124.1291320344273
58	52.600358668637085	124.1291320344273	136.87149365940488
59	124.1291320344273	136.87149365940488	65.05659061295269
60	136.87149365940488	65.05659061295269	28.518688095057158
61	65.05659061295269	28.518688095057158	26.740411039187265
62	28.518688095057158	26.740411039187265	58.13400247948143
63	26.740411039187265	58.13400247948143	136.96282195663082
64	58.13400247948143	136.96282195663082	150.78302252314768
65	136.96282195663082	150.78302252314768	71.5588093468755
66	150.78302252314768	71.5588093468755	31.322368645108856
67	71.5588093468755	31.322368645108856	29.326909130775316
68	31.322368645108856	29.326909130775316	63.667912330893614
69	29.326909130775316	63.667912330893614	149.79710037774169
70	63.667912330893614	149.79710037774169	164.69516028647746
71	149.79710037774169	164.69516028647746	78.06129992404988
72	164.69516028647746	78.06129992404988	34.12616123482448
73	78.06129992404988	34.12616123482448	31.91350608516668
74	34.12616123482448	31.91350608516668	69.20202463007793
75	31.91350608516668	69.20202463007793	162.63182846175008
76	69.20202463007793	162.63182846175008	178.60776515086025
77	162.63182846175008	178.60776515086025	84.56399984367638
78	178.60776515086025	84.56399984367638	36.93004042817222
79	84.56399984367638	36.93004042817222	34.500179736280195
80	36.93004042817222	34.500179736280195	74.73629454239449
81	34.500179736280195	74.73629454239449	175.4669078308592
82	74.73629454239449	175.4669078308592	192.52073614605868
83	175.4669078308592	192.52073614605868	91.06686438861732
84	192.52073614605868	91.06686438861732	39.733987942163076
85	91.06686438861732	39.733987942163076	37.086914079650796
86	39.733987942163076	37.086914079650796	80.27068955405579
87	37.086914079650796	80.27068955405579	188.30226683741947
88	80.27068955405579	188.30226683741947	206.43399943056374
89	188.30226683741947	206.43399943056374	97.56986072389203
90	206.43399943056374	97.56986072389203	42.53799029894763
91	97.56986072389203	42.53799029894763	39.67369727172675
92	42.53799029894763	39.67369727172675	85.80518551411583
93	39.67369727172675	85.80518551411583	201.13785206753576
94	85.80518551411583	201.13785206753576	220.34749975848453
95	201.13785206753576	220.34749975848453	104.07296419784468
96	220.34749975848453	104.07296419784468	45.342037345301826
97	104.07296419784468	45.342037345301826	42.26052036082356
98	45.342037345301826	42.26052036082356	91.33976410942724
99	42.26052036082356	91.33976410942724	213.97362289026665
100	91.33976410942724	213.97362289026665	234.26119497519298
101	213.97362289026665	234.26119497519298	110.57615594342852
102	234.26119497519298	110.57615594342852	48.14612128749736
103	110.57615594342852	48.14612128749736	44.8473764556376
104	48.14612128749736	44.8473764556376	96.87441120199846
105	44.8473764556376	96.87441120199846	226.8095478510689
106	96.87441120199846	226.8095478510689	248.1750523580714
107	226.8095478510689	248.1750523580714	117.07942127617311
108	248.1750523580714	117.07942127617311	50.95023604380215
109	117.07942127617311	50.95023604380215	47.43426016493853
110	50.95023604380215	47.43426016493853	102.40911570375256
111	47.43426016493853	102.40911570375256	239.64560222062582
112	102.40911570375256	239.64560222062582	262.0890461192273
113	239.64560222062582	262.0890461192273	123.58274859643426
114	262.0890461192273	123.58274859643426	53.75437679903843
115	123.58274859643426	53.75437679903843	50.021167210613264
116	53.75437679903843	50.021167210613264	107.94386879646486
117	50.021167210613264	107.94386879646486	252.4817662892667
118	107.94386879646486	252.4817662892667	276.0031556614838
119	252.4817662892667	276.0031556614838	130.0861286200247
120	276.0031556614838	130.0861286200247	56.55853969129595
121	130.0861286200247	56.55853969129595	52.60809415457805
122	56.55853969129595	52.60809415457805	113.47866337939142
123	52.60809415457805	113.47866337939142	265.3180241552336
124	113.47866337939142	265.3180241552336	289.9173643353272
125	265.3180241552336	289.9173643353272	136.58955382809805
126	289.9173643353272	136.58955382809805	59.36272158722586
127	136.58955382809805	59.36272158722586	55.195038202305135
128	59.36272158722586	55.195038202305135	119.01349367067012
129	55.195038202305135	119.01349367067012	278.1543628476964
130	119.01349367067012	278.1543628476964	303.8316585366478
131	278.1543628476964	303.8316585366478	143.09301806671445
132	303.8316585366478	143.09301806671445	62.16691991801778
133	143.09301806671445	62.16691991801778	57.78199705901424
134	62.16691991801778	57.78199705901424	124.54835491477877
135	57.78199705901424	124.54835491477877	290.9907716814034
136	124.54835491477877	290.9907716814034	317.7460270410602
137	290.9907716814034	317.7460270410602	149.59651625064657
138	317.7460270410602	149.59651625064657	64.97113255776917
139	149.59651625064657	64.97113255776917	60.3689688227675
140	64.97113255776917	60.3689688227675	130.08324316453385
141	60.3689688227675	130.08324316453385	303.8272417746166
142	130.08324316453385	303.8272417746166	331.6604605054794
143	303.8272417746166	331.6604605054794	156.10004414109093
144	331.6604605054794	156.10004414109093	67.77535773199507
145	156.10004414109093	67.77535773199507	62.955951903875
146	67.77535773199507	62.955951903875	135.6181551163785
147	62.955951903875	135.6181551163785	316.663765684092
148	135.6181551163785	316.663765684092	345.5749510899048
149	316.663765684092	345.5749510899048	162.6035981766338
150	345.5749510899048	162.6035981766338	70.57959394791212
151	162.6035981766338	70.57959394791212	65.5429449633558
152	70.57959394791212	65.5429449633558	141.15308798436055
153	65.5429449633558	141.15308798436055	329.50033712524584
154	141.15308798436055	329.50033712524584	359.4894921669023
155	329.50033712524584	359.4894921669023	169.10717534316177
156	359.4894921669023	169.10717534316177	73.38383994068262
157	169.10717534316177	73.38383994068262	68.1299468653981
158	73.38383994068262	68.1299468653981	146.6880394025994
159	68.1299468653981	146.6880394025994	342.3369507551871
160	146.6880394025994	342.3369507551871	373.40407809594944
161	342.3369507551871	373.40407809594944	175.61077307263756
162	373.40407809594944	175.61077307263756	76.18809463151358
163	175.61077307263756	76.18809463151358	70.71695664023987
164	76.18809463151358	70.71695664023987	152.22300734900185
165	70.71695664023987	152.22300734900185	355.1736020027361
166	152.22300734900185	355.1736020027361	387.31870404635515
167	355.1736020027361	387.31870404635515	182.1143891635365
168	387.31870404635515	182.1143891635365	78.99235709466906
169	182.1143891635365	78.99235709466906	73.30397345489925
170	78.99235709466906	73.30397345489925	157.75799008501633
171	73.30397345489925	157.75799008501633	368.01028693397274
172	157.75799008501633	368.01028693397274	401.23336585698087
173	368.01028693397274	401.23336585698087	188.61802171772342
174	401.23336585698087	188.61802171772342	81.79662653126
175	188.61802171772342	81.79662653126	75.89099658988445
176	81.79662653126	75.89099658988445	163.2929861076254
177	75.89099658988445	163.2929861076254	380.84700214494444
178	163.2929861076254	380.84700214494444	415.14805992413926
179	380.84700214494444	415.14805992413926	195.12166908993848
180	415.14805992413926	195.12166908993848	84.60090224824081
181	195.12166908993848	84.60090224824081	78.47802542050516
182	84.60090224824081	78.47802542050516	168.8279941107713
183	78.47802542050516	168.8279941107713	393.6837446753419
184	168.8279941107713	393.6837446753419	429.06278311128347
185	393.6837446753419	429.06278311128347	201.62532984704953
186	429.06278311128347	201.62532984704953	87.40518364144498
187	201.62532984704953	87.40518364144498	81.06505940175845
188	87.40518364144498	81.06505940175845	174.3630129541209
189	81.06505940175845	174.3630129541209	406.52051193851355
190	174.3630129541209	406.52051193851355	442.97753267569993
191	406.52051193851355	442.97753267569993	208.12900273493653
192	442.97753267569993	208.12900273493653	90.20947018178177
193	208.12900273493653	90.20947018178177	83.65209805601671
194	90.20947018178177	83.65209805601671	179.89804163759146
195	83.65209805601671	179.89804163759146	419.3573016643207
196	179.89804163759146	419.3573016643207	456.892306208583
197	419.3573016643207	456.892306208583	214.63268665139069
198	456.892306208583	214.63268665139069	93.01376140392756
199	214.63268665139069	93.01376140392756	86.23914096292962
200	93.01376140392756	86.23914096292962	185.43307928043458
201	86.23914096292962	185.43307928043458	432.19411185216876
202	185.43307928043458	432.19411185216876	470.8071015857289
203	432.19411185216876	470.8071015857289	221.1363806237921
204	470.8071015857289	221.1363806237921	95.81805689700118
205	221.1363806237921	95.81805689700118	88.82618775108904
206	95.81805689700118	88.82618775108904	190.9681251039544
207	88.82618775108904	190.9681251039544	445.0309407321593
208	190.9681251039544	445.0309407321593	484.7219169267131
209	445.0309407321593	484.7219169267131	227.64008379061067
210	484.7219169267131	227.64008379061067	98.622356296829
211	227.64008379061067	98.622356296829	91.41323809110821
212	98.622356296829	91.41323809110821	196.50317841714406
213	91.41323809110821	196.50317841714406	457.8677867327724
214	196.50317841714406	457.8677867327724	498.636750560899
215	457.8677867327724	498.636750560899	234.1437953859876
216	498.636750560899	234.1437953859876	101.42665927949196
217	234.1437953859876	101.42665927949196	94.00029168984302
218	101.42665927949196	94.00029168984302	202.038238604682
219	94.00029168984302	202.038238604682	470.7046484538334
220	202.038238604682	470.7046484538334	512.5516009989783
221	470.7046484538334	512.5516009989783	240.6475147268151
222	512.5516009989783	240.6475147268151	104.23096555591374
223	240.6475147268151	104.23096555591374	96.58734828554107
224	104.23096555591374	96.58734828554107	207.57330511684648
225	96.58734828554107	207.57330511684648	483.5415246437815
226	207.57330511684648	483.5415246437815	526.4664669090222
227	483.5415246437815	526.4664669090222	247.15124120185519
228	526.4664669090222	247.15124120185519	107.03527486729904
229	247.15124120185519	107.03527486729904	99.17440764374965
230	107.03527486729904	99.17440764374965	213.1083774610016
231	99.17440764374965	213.1083774610016	496.37841418046435
232	213.1083774610016	496.37841418046435	540.3813470962292
233	496.37841418046435	540.3813470962292	253.65497426253054
234	540.3813470962292	253.65497426253054	109.83958698127005
235	253.65497426253054	109.83958698127005	101.76146955384745
236	109.83958698127005	101.76146955384745	218.64345519437524
237	101.76146955384745	218.64345519437524	509.21531605483534
238	218.64345519437524	509.21531605483534	554.2962404857229
239	509.21531605483534	554.2962404857229	260.15871341509666
240	554.2962404857229	260.15871341509666	112.64390168857986
241	260.15871341509666	112.64390168857986	104.34853382609184
242	112.64390168857986	104.34853382609184	224.17853791790645
243	104.34853382609184	224.17853791790645	522.0522293570546
244	224.17853791790645	522.0522293570546	568.2111461078748
245	522.0522293570546	568.2111461078748	266.6624582139583
246	568.2111461078748	266.6624582139583	115.44821880030453
247	266.6624582139583	115.44821880030453	106.93560028909454
248	115.44821880030453	106.93560028909454	229.71362527098157
249	106.93560028909454	229.71362527098157	534.8891532645899
250	229.71362527098157	534.8891532645899	582.1260630857314
251	534.8891532645899	582.1260630857314	273.1662082559404
252	582.1260630857314	273.1662082559404	118.25253814543434
253	273.1662082559404	118.25253814543434	109.52266878765478
254	118.25253814543434	109.52266878765478	235.2487169269134
255	109.52266878765478	235.2487169269134	547.7260870319909
256	235.2487169269134	547.7260870319909	596.0409906242008
257	547.7260870319909	596.0409906242008	279.6699631753576
258	596.0409906242008	279.6699631753576	121.05685956879991
259	279.6699631753576	121.05685956879991	112.10973918089257
260	121.05685956879991	112.10973918089257	240.78381258904346
261	112.10973918089257	240.78381258904346	560.5630299820666
262	240.78381258904346	560.5630299820666	609.9559280007201
263	560.5630299820666	609.9559280007201	286.1737226397564
264	609.9559280007201	286.1737226397564	123.86118292927962
265	286.1737226397564	123.86118292927962	114.69681134063413
266	123.86118292927962	114.69681134063413	246.31891198736932
267	114.69681134063413	246.31891198736932	573.3999814982476
268	246.31891198736932	573.3999814982476	623.8708745571687
269	573.3999814982476	623.8708745571687	292.6774863462239
270	623.8708745571687	292.6774863462239	126.66550809824533
271	292.6774863462239	126.66550809824533	117.28388515001117
272	126.66550809824533	117.28388515001117	251.8540148756168
273	117.28388515001117	251.8540148756168	586.2369410179523
274	251.8540148756168	586.2369410179523	637.7858296928432
275	586.2369410179523	637.7858296928432	299.18125401817844
276	637.7858296928432	299.18125401817844	129.4698349582097
277	299.18125401817844	129.4698349582097	119.8709605022413
278	129.4698349582097	119.8709605022413	257.38912102868943
279	119.8709605022413	257.38912102868943	599.0739080268039
280	257.38912102868943	599.0739080268039	651.7007928583282
281	599.0739080268039	651.7007928583282	305.68502540256964
282	651.7007928583282	305.68502540256964	132.2741634016458
283	305.68502540256964	132.2741634016458	122.45803729956309
284	132.2741634016458	122.45803729956309	262.92423024044007
285	122.45803729956309	262.92423024044007	611.9108820535764
286	262.92423024044007	611.9108820535764	665.6157635501382
287	611.9108820535764	665.6157635501382	312.188800267428
288	665.6157635501382	312.188800267428	135.07849332995352
289	312.188800267428	135.07849332995352	125.04511545230322
290	135.07849332995352	125.04511545230322	268.45934232171834
291	125.04511545230322	268.45934232171834	624.7478626657631
292	268.45934232171834	624.7478626657631	679.5307413060161
293	624.7478626657631	679.5307413060161	318.6925783997144
294	679.5307413060161	318.6925783997144	137.8828246525519
295	318.6925783997144	137.8828246525519	127.63219487805702
296	137.8828246525519	127.63219487805702	273.9944570986541
297	127.63219487805702	273.9944570986541	637.5848494656796
298	273.9944570986541	637.5848494656796	693.4457257007986
299	637.5848494656796	693.4457257007986	325.1963596034282
300	693.4457257007986	325.1963596034282	140.6871572860805
301	325.1963596034282	140.6871572860805	130.2192755009666
302	140.6871572860805	130.2192755009666	279.5295744111451
303	130.2192755009666	279.5295744111451	650.4218420870286
304	279.5295744111451	650.4218420870286	707.3607163427681
305	650.4218420870286	707.3607163427681	331.700143697937
306	707.3607163427681	331.700143697937	143.49149115369366
307	331.700143697937	143.49149115369366	132.8063572510835
308	143.49149115369366	132.8063572510835	285.06469411152113
309	132.8063572510835	285.06469411152113	663.2588401918644
310	285.06469411152113	663.2588401918644	721.2757128704282
311	663.2588401918644	721.2757128704282	338.2039305164992
312	721.2757128704282	338.2039305164992	146.29582618443658
313	338.2039305164992	146.29582618443658	135.39344006380423
314	146.29582618443658	135.39344006380423	290.5998160633598
315	135.39344006380423	290.5998160633598	676.0958434679004
316	290.5998160633598	676.0958434679004	735.190714949644
317	676.0958434679004	735.190714949644	344.70771990495473
318	735.190714949644	344.70771990495473	149.10016231269148
319	344.70771990495473	149.10016231269148	137.9805238793694
320	149.10016231269148	137.9805238793694	296.1349401404362
321	137.9805238793694	296.1349401404362	688.9328516261209
322	296.1349401404362	688.9328516261209	749.1057222711017
323	688.9328516261209	749.1057222711017	351.2115117205596
324	749.1057222711017	351.2115117205596	151.90449947768485
325	351.2115117205596	151.90449947768485	140.56760864241787
326	151.90449947768485	140.56760864241787	301.670066225787
327	140.56760864241787	301.670066225787	701.7698643986519
328	301.670066225787	701.7698643986519	763.0207345480463
329	701.7698643986519	763.0207345480463	357.71530583094886
330	763.0207345480463	357.71530583094886	154.7088376230488
331	357.71530583094886	154.7088376230488	143.1546943015897
332	154.7088376230488	143.1546943015897	307.20519421087727
333	143.1546943015897	307.20519421087727	714.6068815368643
334	307.20519421087727	714.6068815368643	776.9357515142618
335	714.6068815368643	776.9357515142618	364.21910211320994
336	776.9357515142618	364.21910211320994	157.5131766964287
337	364.21910211320994	157.5131766964287	145.7417808091709
338	157.5131766964287	145.7417808091709	312.7403239948538
339	145.7417808091709	312.7403239948538	727.4439028096747
340	312.7403239948538	727.4439028096747	790.850772922264
341	727.4439028096747	790.850772922264	370.7229004530539
342	790.850772922264	370.7229004530539	160.31751664913259
343	370.7229004530539	160.31751664913259	148.32886812077567
344	160.31751664913259	148.32886812077567	318.27545548387775
345	148.32886812077567	318.27545548387775	740.2809280020252
346	318.27545548387775	740.2809280020252	804.7657985416829
347	740.2809280020252	804.7657985416829	377.2267007440721
348	804.7657985416829	377.2267007440721	163.1218574358161
349	377.2267007440721	163.1218574358161	150.91595619506114
350	163.1218574358161	150.91595619506114	323.81058859052547
351	150.91595619506114	323.81058859052547	753.1179569135181
352	323.81058859052547	753.1179569135181	818.6808281578072
353	753.1179569135181	818.6808281578072	383.73050288706855
354	818.6808281578072	383.73050288706855	165.92619901419982
355	383.73050288706855	165.92619901419982	153.503044993471
356	165.92619901419982	153.503044993471	329.34572323324915
357	153.503044993471	329.34572323324915	765.9549893571874
358	329.34572323324915	765.9549893571874	832.5958615702771
359	765.9549893571874	832.5958615702771	390.234306789459
360	832.5958615702771	390.234306789459	168.7305413448147
361	390.234306789459	168.7305413448147	156.0901344800048
362	168.7305413448147	156.0901344800048	334.8808593358916
363	156.0901344800048	334.8808593358916	778.7920251583919
364	334.8808593358916	778.7920251583919	846.5108985919042
365	778.7920251583919	846.5108985919042	396.7381123647291
366	846.5108985919042	396.7381123647291	171.53488439077208
367	396.7381123647291	171.53488439077208	158.67722462100932
368	171.53488439077208	158.67722462100932	340.415996827248
369	158.67722462100932	340.415996827248	791.6290641538164
370	340.415996827248	791.6290641538164	860.425939047607
371	791.6290641538164	860.425939047607	403.24191953194503
372	860.425939047607	403.24191953194503	174.33922811755653
373	403.24191953194503	174.33922811755653	161.2643153849906
374	174.33922811755653	161.2643153849906	345.95113564066986
375	161.2643153849906	345.95113564066986	804.4661061905687
376	345.95113564066986	804.4661061905687	874.3409827734483
377	804.4661061905687	874.3409827734483	409.74572821531075
378	874.3409827734483	409.74572821531075	177.14357249283788
379	409.74572821531075	177.14357249283788	163.8514067424434
380	177.14357249283788	163.8514067424434	351.4862757137061
381	163.8514067424434	351.4862757137061	817.3031511253598
382	351.4862757137061	817.3031511253598	888.2560296157616
383	817.3031511253598	888.2560296157616	416.2495383437665
384	888.2560296157616	416.2495383437665	179.94791748630092
385	416.2495383437665	179.94791748630092	166.4384986656967
386	179.94791748630092	166.4384986656967	357.0214169877781
387	166.4384986656967	357.0214169877781	830.1401988237633
388	357.0214169877781	830.1401988237633	902.1710794303593
389	830.1401988237633	902.1710794303593	422.75334985062494
390	902.1710794303593	422.75334985062494	182.75226306949105
391	422.75334985062494	182.75226306949105	169.02559112877336
392	182.75226306949105	169.02559112877336	362.55655940788387
393	169.02559112877336	362.55655940788387	842.977249159539
394	362.55655940788387	842.977249159539	916.086132081813
395	842.977249159539	916.086132081813	429.25716267323946
396	916.086132081813	429.25716267323946	185.55660921567346
397	429.25716267323946	185.55660921567346	171.61268410726234
398	185.55660921567346	171.61268410726234	368.0917029223292
399	171.61268410726234	368.0917029223292	855.8143020140208
400	368.0917029223292	855.8143020140208	930.0011874427994
401	855.8143020140208	930.0011874427994	435.76097675270313
402	930.0011874427994	435.76097675270313	188.36095589970526
403	435.76097675270313	188.36095589970526	174.19977757820266
404	188.36095589970526	174.19977757820266	373.6268474824829
405	174.19977757820266	373.6268474824829	868.6513572755554
406	373.6268474824829	868.6513572755554	943.916245393501
407	868.6513572755554	943.916245393501	442.26479203357354
408	943.916245393501	442.26479203357354	191.1653030979187
409	442.26479203357354	191.1653030979187	176.78687151997707
410	191.1653030979187	176.78687151997707	379.1619930425531
411	176.78687151997707	379.1619930425531	881.488414838993
412	379.1619930425531	881.488414838993	957.8313058210622
413	881.488414838993	957.8313058210622	448.76860846362183
414	957.8313058210622	448.76860846362183	193.96965078801458
415	448.76860846362183	193.96965078801458	179.37396591221543
416	193.96965078801458	179.37396591221543	384.69713955938295
417	179.37396591221543	384.69713955938295	894.3254746052204
418	384.69713955938295	894.3254746052204	971.7463686190912
419	894.3254746052204	971.7463686190912	455.2724259936031
420	971.7463686190912	455.2724259936031	196.7739989489647
421	455.2724259936031	196.7739989489647	181.96106073570581
422	196.7739989489647	181.96106073570581	390.232286992264
423	181.96106073570581	390.232286992264	907.1625364807334
424	390.232286992264	907.1625364807334	985.6614336872029
425	907.1625364807334	985.6614336872029	461.7762445770468
426	985.6614336872029	461.7762445770468	199.57834756092268
427	461.7762445770468	199.57834756092268	184.54815597231342
428	199.57834756092268	184.54815597231342	395.7674353027646
429	184.54815597231342	395.7674353027646	919.999600377246
430	395.7674353027646	919.999600377246	999.5765009306017
431	919.999600377246	999.5765009306017	468.28006417006327
432	999.5765009306017	468.28006417006327	202.38269660514192
433	468.28006417006327	202.38269660514192	187.13525160490627
434	202.38269660514192	187.13525160490627	401.30258445457366
435	187.13525160490627	401.30258445457366	932.8366662113318
436	401.30258445457366	932.8366662113318	1013.4915702596974
437	932.8366662113318	1013.4915702596974	474.78388473116775
438	1013.4915702596974	474.78388473116775	205.1870460639006
439	474.78388473116775	205.1870460639006	189.72234761728663
440	205.1870460639006	189.72234761728663	406.83773441335546
441	189.72234761728663	406.83773441335546	945.6737339040931
442	406.83773441335546	945.6737339040931	1027.4066415897523
443	945.6737339040931	1027.4066415897523	481.28770622111733
444	1027.4066415897523	481.28770622111733	207.99139592043252
445	481.28770622111733	207.99139592043252	192.30944399412837
446	207.99139592043252	192.30944399412837	412.3728851466179
447	192.30944399412837	412.3728851466179	958.5108033808584
448	412.3728851466179	958.5108033808584	1041.321714840558
449	958.5108033808584	1041.321714840558	487.7915286027621
450	1041.321714840558	487.7915286027621	210.79574615886378
451	487.7915286027621	210.79574615886378	194.896540720919
452	210.79574615886378	194.896540720919	417.90803662358985
453	194.896540720919	417.90803662358985	971.3478745709035
454	417.90803662358985	971.3478745709035	1055.2367899361361
455	971.3478745709035	1055.2367899361361	494.29535184090696
456	1055.2367899361361	494.29535184090696	213.60009676415368
457	494.29535184090696	213.60009676415368	197.48363778390637
458	213.60009676415368	197.48363778390637	423.44318881510924
459	197.48363778390637	423.44318881510924	984.1849474071935
460	423.44318881510924	984.1849474071935	1069.1518668044637
461	984.1849474071935	1069.1518668044637	500.79917590218497
462	1069.1518668044637	500.79917590218497	216.40444772204134
463	500.79917590218497	216.40444772204134	200.0707351700496
464	216.40444772204134	200.0707351700496	428.97834169351853
465	200.0707351700496	428.97834169351853	997.0220218261452
466	428.97834169351853	997.0220218261452	1083.0669453772182
467	997.0220218261452	1083.0669453772182	507.3030007549401
468	1083.0669453772182	507.3030007549401	219.20879901899548
469	507.3030007549401	219.20879901899548	202.6578328669737
470	219.20879901899548	202.6578328669737	434.5134952325698
471	202.6578328669737	434.5134952325698	1009.8590977674088
472	434.5134952325698	1009.8590977674088	1096.9820255895436
473	1009.8590977674088	1096.9820255895436	513.806826369119
474	1096.9820255895436	513.806826369119	222.01315064216843
475	513.806826369119	222.01315064216843	205.24493086292745
476	222.01315064216843	205.24493086292745	440.0486494073352
477	205.24493086292745	440.0486494073352	1022.6961751736634
478	440.0486494073352	1022.6961751736634	1110.8971073798334
479	1022.6961751736634	1110.8971073798334	520.3106527161709
480	1110.8971073798334	520.3106527161709	224.81750257935352
481	520.3106527161709	224.81750257935352	207.8320291467448
482	224.81750257935352	207.8320291467448	445.5838041941256
483	207.8320291467448	445.5838041941256	1035.5332539904307
484	445.5838041941256	1035.5332539904307	1124.8121906895287
485	1035.5332539904307	1124.8121906895287	526.8144797689545
486	1124.8121906895287	526.8144797689545	227.62185481894542
487	526.8144797689545	227.62185481894542	210.41912770780868
488	227.62185481894542	210.41912770780868	451.1189595704147
489	210.41912770780868	451.1189595704147	1048.3703341659009
490	451.1189595704147	1048.3703341659009	1138.7272754629332
491	1048.3703341659009	1138.7272754629332	533.3183075016526
492	1138.7272754629332	533.3183075016526	230.42620734990396
493	533.3183075016526	230.42620734990396	213.00622653601786
494	230.42620734990396	213.00622653601786	456.65411551476757
495	213.00622653601786	456.65411551476757	1061.2074156507697
496	456.65411551476757	1061.2074156507697	1152.6423616470395
497	1061.2074156507697	1152.6423616470395	539.8221358896919
498	1152.6423616470395	539.8221358896919	233.23056016171978
499	539.8221358896919	233.23056016171978	215.593325621756
500	233.23056016171978	215.593325621756	462.1892720067767
501	215.593325621756	462.1892720067767	1074.0444983980906
502	462.1892720067767	1074.0444983980906	1166.5574491913696
503	1074.0444983980906	1166.5574491913696	546.3259649096697
504	1166.5574491913696	546.3259649096697	236.03491324438286
505	546.3259649096697	236.03491324438286	218.1804249558625
506	236.03491324438286	218.1804249558625	467.72442902699987
507	218.1804249558625	467.72442902699987	1086.8815823631344
508	467.72442902699987	1086.8815823631344	1180.4725380478249
509	1086.8815823631344	1180.4725380478249	552.8297945392834
510	1180.4725380478249	552.8297945392834	238.83926658835335
511	552.8297945392834	238.83926658835335	220.76752452960648
512	238.83926658835335	220.76752452960648	473.259586556905
513	220.76752452960648	473.259586556905	1099.7186675032608
514	473.259586556905	1099.7186675032608	1194.3876281705484
515	1099.7186675032608	1194.3876281705484	559.3336247572687
516	1194.3876281705484	559.3336247572687	241.6436201845342
517	559.3336247572687	241.6436201845342	223.35462433466134
518	241.6436201845342	223.35462433466134	478.7947445788164
519	223.35462433466134	478.7947445788164	1112.5557537777966
520	478.7947445788164	1112.5557537777966	1208.3027195157947
521	1112.5557537777966	1208.3027195157947	565.8374555433383
522	1208.3027195157947	565.8374555433383	244.44797402424584
523	565.8374555433383	244.44797402424584	225.94172436308196
524	244.44797402424584	225.94172436308196	484.3299030758666
525	225.94172436308196	484.3299030758666	1125.3928411479242
526	484.3299030758666	1125.3928411479242	1222.2178120418112
527	1125.3928411479242	1222.2178120418112	572.341286878127
528	1222.2178120418112	572.341286878127	247.2523280992023
529	572.341286878127	247.2523280992023	228.52882460728281
530	247.2523280992023	228.52882460728281	489.86506203195046
531	228.52882460728281	489.86506203195046	1138.2299295765781
532	489.86506203195046	1138.2299295765781	1236.1329057087246
533	1138.2299295765781	1236.1329057087246	578.84511874314
534	1236.1329057087246	578.84511874314	250.05668240148938
535	578.84511874314	250.05668240148938	231.1159250600181
536	250.05668240148938	231.1159250600181	495.4002214316823
537	231.1159250600181	495.4002214316823	1151.067019028345
538	495.4002214316823	1151.067019028345	1250.0480004784372
539	1151.067019028345	1250.0480004784372	585.3489511207044
540	1250.0480004784372	585.3489511207044	252.86103692354396
541	585.3489511207044	252.86103692354396	233.7030257143628
542	252.86103692354396	233.7030257143628	500.93538126035673
543	233.7030257143628	500.93538126035673	1163.9041094693741
544	500.93538126035673	1163.9041094693741	1263.963096314529
545	1163.9041094693741	1263.963096314529	591.8527839939243
546	1263.963096314529	591.8527839939243	255.6653916581347
547	591.8527839939243	255.6653916581347	236.29012656369514
548	255.6653916581347	236.29012656369514	506.47054150391085
549	236.29012656369514	506.47054150391085	1176.741200867292
550	506.47054150391085	1176.741200867292	1277.8781931821657
551	1176.741200867292	1277.8781931821657	598.3566173466378
552	1277.8781931821657	598.3566173466378	258.469746598344
553	598.3566173466378	258.469746598344	238.87722760168015
554	258.469746598344	238.87722760168015	512.0057021488901
555	238.87722760168015	512.0057021488901	1189.5782931911226
556	512.0057021488901	1189.5782931911226	1291.7932910480145
557	1189.5782931911226	1291.7932910480145	604.8604511633785
558	1291.7932910480145	604.8604511633785	261.27410173755135
559	604.8604511633785	261.27410173755135	241.46432882225443
560	261.27410173755135	241.46432882225443	517.5408631824151
561	241.46432882225443	517.5408631824151	1202.4153864112113
562	517.5408631824151	1202.4153864112113	1305.7083898801627
563	1202.4153864112113	1305.7083898801627	611.3642854293381
564	1305.7083898801627	611.3642854293381	264.0784570694174
565	611.3642854293381	264.0784570694174	244.05143021961163
566	264.0784570694174	244.05143021961163	523.0760245921521
567	244.05143021961163	523.0760245921521	1215.252480499158
568	523.0760245921521	1215.252480499158	1319.623489648044
569	1215.252480499158	1319.623489648044	617.8681201303314
570	1319.623489648044	617.8681201303314	266.8828125878692
571	617.8681201303314	266.8828125878692	246.638531788189
572	266.8828125878692	246.638531788189	528.6111863662838
573	246.638531788189	528.6111863662838	1228.08957542775
574	528.6111863662838	1228.08957542775	1333.5385903223676
575	1228.08957542775	1333.5385903223676	624.3719552527641
576	1333.5385903223676	624.3719552527641	269.68716828708625
577	624.3719552527641	269.68716828708625	249.22563352265476
578	269.68716828708625	249.22563352265476	534.1463484934825
579	249.22563352265476	534.1463484934825	1240.9266711708988
580	534.1463484934825	1240.9266711708988	1347.4536918750523
581	1240.9266711708988	1347.4536918750523	630.8757907836034
582	1347.4536918750523	630.8757907836034	272.4915241614881
583	630.8757907836034	272.4915241614881	251.8127354178962
584	272.4915241614881	251.8127354178962	539.681510962885
585	251.8127354178962	539.681510962885	1253.7637677035857
586	539.681510962885	1253.7637677035857	1361.368794279166
587	1253.7637677035857	1361.368794279166	637.3796267103476
588	1361.368794279166	637.3796267103476	275.2958802057212
589	637.3796267103476	275.2958802057212	254.39983746900856
590	275.2958802057212	254.39983746900856	545.2166737640696
591	254.39983746900856	545.2166737640696	1266.6008650018061
592	545.2166737640696	1266.6008650018061	1375.2838975088655
593	1266.6008650018061	1375.2838975088655	643.8834630210001
594	1375.2838975088655	643.8834630210001	278.100236414648
595	643.8834630210001	278.100236414648	256.9869396712846
596	278.100236414648	256.9869396712846	550.7518368870332
597	256.9869396712846	550.7518368870332	1279.437963042518
598	550.7518368870332	1279.437963042518	1389.1990015393433
599	1279.437963042518	1389.1990015393433	650.3872997040447
600	1389.1990015393433	650.3872997040447	280.90459278333645
