-2.0	2.0	0.875	-3.783966064453125
0.875	2.0	1.0704172077717398	-4.0320907607989405
1.0704172077717398	2.0	1.2405400630483823	-3.6788041957965234
1.2405400630483823	2.0	1.3694173008038995	-2.809993586989153
1.3694173008038995	2.0	1.4545654933490044	-1.8360018503268343
1.4545654933490044	2.0	1.5050504031105363	-1.0730780688851107
1.5050504031105363	2.0	1.53289696021618	-0.5855305249410314
1.53289696021618	2.0	1.54761287525122	-0.3073877688574562
1.54761287525122	2.0	1.5552086213342804	-0.15807722753133646
1.5552086213342804	2.0	1.5590808037844526	-0.08042810225531305
1.5590808037844526	2.0	1.5610421674202577	-0.040697998534112045
1.5610421674202577	2.0	1.5620324121008304	-0.020536890622285142
1.5620324121008304	2.0	1.5625315366554087	-0.010348759461590973
1.5625315366554087	2.0	1.5627829063517789	-0.0052111710158104785
1.5627829063517789	2.0	1.5629094482192636	-0.002623179078973692
1.5629094482192636	2.0	1.5629731370928042	-0.0013202093747892718
1.5629731370928042	2.0	1.563005188462078	-6.643830674857298E-4
1.563005188462078	2.0	1.56302131741972	-3.3432942886957306E-4
1.56302131741972	2.0	1.5630294336486024	-1.6823670263121926E-4
1.5630294336486024	2.0	1.5630335177486099	-8.465681056790686E-5
1.5630335177486099	2.0	1.5630355728605396	-4.259911217374679E-5
1.5630355728605396	2.0	1.5630366069856838	-2.1435712849182664E-5
1.5630366069856838	2.0	1.5630371273529429	-1.078635421425389E-5
1.5630371273529429	2.0	1.5630373891992484	-5.427640889621443E-6
1.5630373891992484	2.0	1.5630375209589937	-2.7311614427816266E-6
1.5630375209589937	2.0	1.5630375872598212	-1.3743063664861666E-6
1.5630375872598212	2.0	1.5630376206220533	-6.91543819542062E-7
1.5630376206220533	2.0	1.5630376374097545	-3.4798123849100193E-7
1.5630376374097545	2.0	1.563037645857238	-1.7510233885076332E-7
1.563037645857238	2.0	1.5630376501079675	-8.811057483626428E-8
f(x) = 0	1.5630376501079675
